<?xml version="1.0" encoding="UTF-8"?>
<testsuite name="ru.anglerhood.pastebin.test.RepositoryTest" tests="3" skipped="0" failures="0" errors="0" timestamp="2016-09-25T17:11:52" hostname="anglerhood-desktop" time="11.993">
  <properties/>
  <testcase name="writeUpdateReadTest" classname="ru.anglerhood.pastebin.test.RepositoryTest" time="4.907"/>
  <testcase name="notFoundTest" classname="ru.anglerhood.pastebin.test.RepositoryTest" time="3.466"/>
  <testcase name="writeReadTest" classname="ru.anglerhood.pastebin.test.RepositoryTest" time="3.619"/>
  <system-out><![CDATA[]]></system-out>
  <system-err><![CDATA[SLF4J: Failed to load class "org.slf4j.impl.StaticLoggerBinder".
SLF4J: Defaulting to no-operation (NOP) logger implementation
SLF4J: See http://www.slf4j.org/codes.html#StaticLoggerBinder for further details.
]]></system-err>
</testsuite>
